<?xml version="1.0" encoding="UTF-8"?>
<!-- Generated by org.testng.reporters.JUnitReportReporter -->
<testsuite skipped="0" hostname="DESKTOP-U6EFAKA" name="Com.HackerRankTest.TestCase.TestRequiredFilds" tests="1" failures="0" timestamp="2020-05-22T23:32:02 PKT" time="3.928" errors="0">
  <testcase name="RequiredFilds" time="3.928" classname="Com.HackerRankTest.TestCase.TestRequiredFilds"/>
</testsuite> <!-- Com.HackerRankTest.TestCase.TestRequiredFilds -->
