<?xml version="1.0" encoding="UTF-8"?>
<!-- Generated by org.testng.reporters.JUnitReportReporter -->
<testsuite skipped="0" hostname="DESKTOP-U6EFAKA" name="Com.HackerRankTest.TestCase.LoginTest" tests="1" failures="0" timestamp="2020-06-20T12:28:09 PKT" time="8.716" errors="0">
  <testcase name="CreateAccountTest" time="8.716" classname="Com.HackerRankTest.TestCase.LoginTest"/>
</testsuite> <!-- Com.HackerRankTest.TestCase.LoginTest -->
