<?xml version="1.0" encoding="UTF-8"?>
<!-- Generated by org.testng.reporters.JUnitReportReporter -->
<testsuite skipped="0" hostname="DESKTOP-U6EFAKA" name="Com.HackerRankTest.TestCase.DDTestCase" tests="1" failures="0" timestamp="2020-06-20T12:28:09 PKT" time="32.922" errors="0">
  <testcase name="LoginDDFReadExcelData" time="32.922" classname="Com.HackerRankTest.TestCase.DDTestCase"/>
</testsuite> <!-- Com.HackerRankTest.TestCase.DDTestCase -->
