<?xml version="1.0" encoding="UTF-8"?>
<!-- Generated by org.testng.reporters.JUnitReportReporter -->
<testsuite skipped="0" hostname="DESKTOP-U6EFAKA" name="Com.HackerRankTest.TestCase.TestCaseAddProduct" tests="1" failures="0" timestamp="2020-05-23T16:33:23 PKT" time="19.159" errors="0">
  <testcase name="CaseAddProduct" time="19.159" classname="Com.HackerRankTest.TestCase.TestCaseAddProduct"/>
</testsuite> <!-- Com.HackerRankTest.TestCase.TestCaseAddProduct -->
