<?xml version="1.0" encoding="UTF-8"?>
<!-- Generated by org.testng.reporters.JUnitReportReporter -->
<testsuite skipped="0" hostname="DESKTOP-U6EFAKA" name="Com.HackerRankTest.TestCase.LoginTest" tests="1" failures="0" timestamp="2020-05-23T16:33:23 PKT" time="9.913" errors="0">
  <testcase name="CreateAccountTest" time="9.913" classname="Com.HackerRankTest.TestCase.LoginTest"/>
</testsuite> <!-- Com.HackerRankTest.TestCase.LoginTest -->
