<?xml version="1.0" encoding="UTF-8"?>
<!-- Generated by org.testng.reporters.JUnitReportReporter -->
<testsuite skipped="0" hostname="DESKTOP-U6EFAKA" name="Com.HackerRankTest.TestCase.DDTestCase" tests="1" failures="0" timestamp="2020-05-22T22:25:20 PKT" time="11.445" errors="0">
  <testcase name="LoginDDFReadExcelData" time="11.445" classname="Com.HackerRankTest.TestCase.DDTestCase"/>
</testsuite> <!-- Com.HackerRankTest.TestCase.DDTestCase -->
